
=====================================RESULTS: XSLT Standalone (DOM Result)===========================================
**** Mon Mar 26 19:20:20 BST 2007
**** com.sun.org.apache.xalan.internal.xsltc.trax.TemplatesImpl
17950,21527,1413166,0,-1413166,-100.0,0,-1413166,-100.0
12742,42527,1531826,0,-1531826,-100.0,0,-1531826,-100.0
10794,63527,1572071,0,-1572071,-100.0,0,-1572071,-100.0
8354,84527,1625629,0,-1625629,-100.0,0,-1625629,-100.0
7516,105527,1640794,0,-1640794,-100.0,0,-1640794,-100.0
6217,126527,1667613,0,-1667613,-100.0,0,-1667613,-100.0
5862,147527,1674814,0,-1674814,-100.0,0,-1674814,-100.0
4857,168527,1699534,0,-1699534,-100.0,0,-1699534,-100.0
4861,189527,1697018,0,-1697018,-100.0,0,-1697018,-100.0
4081,210527,1716165,0,-1716165,-100.0,0,-1716165,-100.0
=======================================================================================


=====================================RESULTS: XSLT Standalone (Streamed Result)===========================================
**** Mon Mar 26 19:50:22 BST 2007
**** com.sun.org.apache.xalan.internal.xsltc.trax.TemplatesImpl
18116,21527,1397337,0,-1397337,-100.0,0,-1397337,-100.0
12961,42527,1519007,0,-1519007,-100.0,0,-1519007,-100.0
11074,63527,1554161,0,-1554161,-100.0,0,-1554161,-100.0
8566,84527,1615983,0,-1615983,-100.0,0,-1615983,-100.0
7898,105527,1626502,0,-1626502,-100.0,0,-1626502,-100.0
6366,126527,1663849,0,-1663849,-100.0,0,-1663849,-100.0
6027,147527,1667532,0,-1667532,-100.0,0,-1667532,-100.0
4990,168527,1693891,0,-1693891,-100.0,0,-1693891,-100.0
4863,189527,1694602,0,-1694602,-100.0,0,-1694602,-100.0
4270,210527,1707269,0,-1707269,-100.0,0,-1707269,-100.0
=======================================================================================


=====================================RESULTS: Smooks XSLT (xsl_java_01)===========================================
**** Mon Mar 26 20:20:24 BST 2007
**** com.sun.org.apache.xalan.internal.xsltc.trax.TemplatesImpl
15264,21527,0,1404086,1404086,Infinity,0,0,NaN
10307,42527,0,1538132,1538132,Infinity,0,0,NaN
8938,63527,0,1559327,1559327,Infinity,0,0,NaN
6704,84527,0,1623481,1623481,Infinity,0,0,NaN
6294,105527,0,1629437,1629437,Infinity,0,0,NaN
4986,126527,0,1666887,1666887,Infinity,0,0,NaN
4825,147527,0,1670759,1670759,Infinity,0,0,NaN
3977,168527,0,1692405,1692405,Infinity,0,0,NaN
3917,189527,0,1695575,1695575,Infinity,0,0,NaN
3312,210527,0,1711053,1711053,Infinity,0,0,NaN
=======================================================================================


=====================================RESULTS: XSLT Standalone (DOM Result)===========================================
**** Mon Mar 26 21:04:27 BST 2007
**** org.apache.xalan.templates.StylesheetRoot
14406,21527,1588338,0,-1588338,-100.0,0,-1588338,-100.0
8001,42527,1682388,0,-1682388,-100.0,0,-1682388,-100.0
5524,63527,1717655,0,-1717655,-100.0,0,-1717655,-100.0
4229,84527,1737750,0,-1737750,-100.0,0,-1737750,-100.0
3407,105527,1751073,0,-1751073,-100.0,0,-1751073,-100.0
2870,126527,1757030,0,-1757030,-100.0,0,-1757030,-100.0
2464,147527,1763752,0,-1763752,-100.0,0,-1763752,-100.0
2168,168527,1768169,0,-1768169,-100.0,0,-1768169,-100.0
1929,189527,1771585,0,-1771585,-100.0,0,-1771585,-100.0
1743,210527,1775939,0,-1775939,-100.0,0,-1775939,-100.0
=======================================================================================


=====================================RESULTS: XSLT Standalone (Streamed Result)===========================================
**** Mon Mar 26 21:34:29 BST 2007
**** org.apache.xalan.templates.StylesheetRoot
14538,21527,1583682,0,-1583682,-100.0,0,-1583682,-100.0
8068,42527,1680842,0,-1680842,-100.0,0,-1680842,-100.0
5578,63527,1714632,0,-1714632,-100.0,0,-1714632,-100.0
4262,84527,1735596,0,-1735596,-100.0,0,-1735596,-100.0
3440,105527,1749814,0,-1749814,-100.0,0,-1749814,-100.0
2895,126527,1756693,0,-1756693,-100.0,0,-1756693,-100.0
2485,147527,1764670,0,-1764670,-100.0,0,-1764670,-100.0
2185,168527,1767859,0,-1767859,-100.0,0,-1767859,-100.0
1946,189527,1770571,0,-1770571,-100.0,0,-1770571,-100.0
1756,210527,1776203,0,-1776203,-100.0,0,-1776203,-100.0
=======================================================================================


=====================================RESULTS: Smooks XSLT (xsl_java_01)===========================================
**** Mon Mar 26 22:04:30 BST 2007
**** org.apache.xalan.templates.StylesheetRoot
13343,21527,0,1592484,1592484,Infinity,0,0,NaN
7371,42527,0,1688333,1688333,Infinity,0,0,NaN
5088,63527,0,1721983,1721983,Infinity,0,0,NaN
3882,84527,0,1738629,1738629,Infinity,0,0,NaN
3131,105527,0,1753655,1753655,Infinity,0,0,NaN
2627,126527,0,1758612,1758612,Infinity,0,0,NaN
2259,147527,0,1766534,1766534,Infinity,0,0,NaN
1985,168527,0,1769199,1769199,Infinity,0,0,NaN
1769,189527,0,1772791,1772791,Infinity,0,0,NaN
1595,210527,0,1776037,1776037,Infinity,0,0,NaN
=======================================================================================


=====================================RESULTS: XSLT Standalone (DOM Result)===========================================
**** Mon Mar 26 23:11:16 BST 2007
**** net.sf.saxon.PreparedStylesheet
13049,21527,1624498,0,-1624498,-100.0,0,-1624498,-100.0
7036,42527,1706829,0,-1706829,-100.0,0,-1706829,-100.0
4823,63527,1736259,0,-1736259,-100.0,0,-1736259,-100.0
3666,84527,1751151,0,-1751151,-100.0,0,-1751151,-100.0
2960,105527,1763470,0,-1763470,-100.0,0,-1763470,-100.0
2478,126527,1766217,0,-1766217,-100.0,0,-1766217,-100.0
2133,147527,1771463,0,-1771463,-100.0,0,-1771463,-100.0
1872,168527,1775265,0,-1775265,-100.0,0,-1775265,-100.0
1669,189527,1778117,0,-1778117,-100.0,0,-1778117,-100.0
1504,210527,1781410,0,-1781410,-100.0,0,-1781410,-100.0
=======================================================================================


=====================================RESULTS: XSLT Standalone (Streamed Result)===========================================
**** Mon Mar 26 23:41:18 BST 2007
**** net.sf.saxon.PreparedStylesheet
13288,21527,1623936,0,-1623936,-100.0,0,-1623936,-100.0
7162,42527,1703815,0,-1703815,-100.0,0,-1703815,-100.0
4914,63527,1734040,0,-1734040,-100.0,0,-1734040,-100.0
3733,84527,1751208,0,-1751208,-100.0,0,-1751208,-100.0
3011,105527,1760118,0,-1760118,-100.0,0,-1760118,-100.0
2522,126527,1767576,0,-1767576,-100.0,0,-1767576,-100.0
2170,147527,1771971,0,-1771971,-100.0,0,-1771971,-100.0
1904,168527,1774791,0,-1774791,-100.0,0,-1774791,-100.0
1698,189527,1777313,0,-1777313,-100.0,0,-1777313,-100.0
1530,210527,1780638,0,-1780638,-100.0,0,-1780638,-100.0
=======================================================================================


=====================================RESULTS: Smooks XSLT (xsl_java_01)===========================================
**** Tue Mar 27 00:11:19 BST 2007
**** net.sf.saxon.PreparedStylesheet
11841,21527,0,1636975,1636975,Infinity,0,0,NaN
6373,42527,0,1713341,1713341,Infinity,0,0,NaN
4359,63527,0,1740973,1740973,Infinity,0,0,NaN
3308,84527,0,1754946,1754946,Infinity,0,0,NaN
2670,105527,0,1762141,1762141,Infinity,0,0,NaN
2236,126527,0,1768812,1768812,Infinity,0,0,NaN
1924,147527,0,1775140,1775140,Infinity,0,0,NaN
1689,168527,0,1777732,1777732,Infinity,0,0,NaN
1504,189527,0,1779990,1779990,Infinity,0,0,NaN
1358,210527,0,1781775,1781775,Infinity,0,0,NaN
=======================================================================================


=====================================RESULTS: XSLT Standalone (DOM Result)===========================================
**** Tue Mar 27 10:10:03 BST 2007
**** net.sf.saxon.PreparedStylesheet
392,1470515,296426,0,-296426,-100.0,0,-296426,-100.0
=======================================================================================


=====================================RESULTS: XSLT Standalone (Streamed Result)===========================================
**** Tue Mar 27 10:15:04 BST 2007
**** net.sf.saxon.PreparedStylesheet
392,1470515,295661,0,-295661,-100.0,0,-295661,-100.0
=======================================================================================


=====================================RESULTS: XSLT Standalone (DOM Result)===========================================
**** Tue Mar 27 10:21:19 BST 2007
**** net.sf.saxon.PreparedStylesheet
1228,189527,280325,0,-280325,-100.0,0,-280325,-100.0
1500,210527,279914,0,-279914,-100.0,0,-279914,-100.0
174,1470515,298135,0,-298135,-100.0,0,-298135,-100.0
=======================================================================================


=====================================RESULTS: XSLT Standalone (Streamed Result)===========================================
**** Tue Mar 27 10:26:20 BST 2007
**** net.sf.saxon.PreparedStylesheet
1217,189527,282025,0,-282025,-100.0,0,-282025,-100.0
1511,210527,278829,0,-278829,-100.0,0,-278829,-100.0
173,1470515,298286,0,-298286,-100.0,0,-298286,-100.0
=======================================================================================


=====================================RESULTS: Smooks XSLT (xsl_java_01)===========================================
**** Tue Mar 27 10:31:21 BST 2007
**** net.sf.saxon.PreparedStylesheet
1079,189527,0,281481,281481,Infinity,0,0,NaN
1304,210527,0,279345,279345,Infinity,0,0,NaN
151,1470515,0,297428,297428,Infinity,0,0,NaN
=======================================================================================

