
=====================================RESULTS: XSLT Standalone (DOM Result)===========================================
**** Fri Nov 23 20:15:09 GMT 2007
**** org.apache.xalan.templates.StylesheetRoot
405,21527,53231,0,-53231,-100.0,0,-53231,-100.0
223,42527,56597,0,-56597,-100.0,0,-56597,-100.0
156,63527,58027,0,-58027,-100.0,0,-58027,-100.0
119,84527,58244,0,-58244,-100.0,0,-58244,-100.0
97,105527,58656,0,-58656,-100.0,0,-58656,-100.0
81,126527,58852,0,-58852,-100.0,0,-58852,-100.0
70,147527,59278,0,-59278,-100.0,0,-59278,-100.0
62,168527,59093,0,-59093,-100.0,0,-59093,-100.0
56,189527,59204,0,-59204,-100.0,0,-59204,-100.0
51,210527,59418,0,-59418,-100.0,0,-59418,-100.0
=======================================================================================


=====================================RESULTS: Smooks XSLT - Result Unserialized (xsl_java_01)===========================================
**** Fri Nov 23 20:16:11 GMT 2007
**** org.apache.xalan.templates.StylesheetRoot
396,21527,0,54534,54534,Infinity,0,0,NaN
223,42527,0,56886,56886,Infinity,0,0,NaN
153,63527,0,57702,57702,Infinity,0,0,NaN
117,84527,0,58576,58576,Infinity,0,0,NaN
95,105527,0,58854,58854,Infinity,0,0,NaN
80,126527,0,58841,58841,Infinity,0,0,NaN
68,147527,0,58857,58857,Infinity,0,0,NaN
61,168527,0,59226,59226,Infinity,0,0,NaN
55,189527,0,59406,59406,Infinity,0,0,NaN
50,210527,0,59418,59418,Infinity,0,0,NaN
=======================================================================================


=====================================RESULTS: XSLT Standalone (Streamed Result)===========================================
**** Fri Nov 23 20:17:12 GMT 2007
**** org.apache.xalan.templates.StylesheetRoot
873,21527,48475,0,-48475,-100.0,0,-48475,-100.0
501,42527,53595,0,-53595,-100.0,0,-53595,-100.0
350,63527,55508,0,-55508,-100.0,0,-55508,-100.0
269,84527,57024,0,-57024,-100.0,0,-57024,-100.0
217,105527,57302,0,-57302,-100.0,0,-57302,-100.0
184,126527,57905,0,-57905,-100.0,0,-57905,-100.0
157,147527,58002,0,-58002,-100.0,0,-58002,-100.0
140,168527,58276,0,-58276,-100.0,0,-58276,-100.0
125,189527,58268,0,-58268,-100.0,0,-58268,-100.0
115,210527,58569,0,-58569,-100.0,0,-58569,-100.0
=======================================================================================

