===============================================================================
= Response Timing Figures Prior to adding any XForms Content Delivery Units.  =
===============================================================================

	$$$$$ Timings Without XSLT - Smooks Integrated (performing no mods, performing serialisation)  $$$$$
	
INFO  org.chiba.adapter.servlet.ChibaServlet : --------------- new XForms session ---------------
INFO  org.chiba.adapter.servlet.ChibaServlet : actionURL: http://localhost:8080/chiba-web-viasmooks/PlainHtml
**** Request time: 100ms [Total Chiba time - minus Smooks Transformation]
[INFO] Milyn-Smooks - Filtering W3C DOM from down-stream Servlet/Filter.
**** Request time: 121ms [Total Chiba time - including Smooks Transformation]
INFO  org.chiba.adapter.servlet.ChibaServlet : --------------- new XForms session ---------------
INFO  org.chiba.adapter.servlet.ChibaServlet : actionURL: http://localhost:8080/chiba-web-viasmooks/PlainHtml
**** Request time: 110ms [Total Chiba time - minus Smooks Transformation]
[INFO] Milyn-Smooks - Filtering W3C DOM from down-stream Servlet/Filter.
**** Request time: 120ms [Total Chiba time - including Smooks Transformation]
INFO  org.chiba.adapter.servlet.ChibaServlet : --------------- new XForms session ---------------
INFO  org.chiba.adapter.servlet.ChibaServlet : actionURL: http://localhost:8080/chiba-web-viasmooks/PlainHtml
**** Request time: 110ms [Total Chiba time - minus Smooks Transformation]
[INFO] Milyn-Smooks - Filtering W3C DOM from down-stream Servlet/Filter.
**** Request time: 110ms [Total Chiba time - including Smooks Transformation]
INFO  org.chiba.adapter.servlet.ChibaServlet : --------------- new XForms session ---------------
INFO  org.chiba.adapter.servlet.ChibaServlet : actionURL: http://localhost:8080/chiba-web-viasmooks/PlainHtml
**** Request time: 130ms [Total Chiba time - minus Smooks Transformation]
[INFO] Milyn-Smooks - Filtering W3C DOM from down-stream Servlet/Filter.
**** Request time: 140ms [Total Chiba time - including Smooks Transformation]
INFO  org.chiba.adapter.servlet.ChibaServlet : --------------- new XForms session ---------------
INFO  org.chiba.adapter.servlet.ChibaServlet : actionURL: http://localhost:8080/chiba-web-viasmooks/PlainHtml
**** Request time: 130ms [Total Chiba time - minus Smooks Transformation]
[INFO] Milyn-Smooks - Filtering W3C DOM from down-stream Servlet/Filter.
**** Request time: 150ms [Total Chiba time - including Smooks Transformation]
INFO  org.chiba.adapter.servlet.ChibaServlet : --------------- new XForms session ---------------
INFO  org.chiba.adapter.servlet.ChibaServlet : actionURL: http://localhost:8080/chiba-web-viasmooks/PlainHtml
**** Request time: 100ms [Total Chiba time - minus Smooks Transformation]
[INFO] Milyn-Smooks - Filtering W3C DOM from down-stream Servlet/Filter.
**** Request time: 110ms [Total Chiba time - including Smooks Transformation]
INFO  org.chiba.adapter.servlet.ChibaServlet : --------------- new XForms session ---------------
INFO  org.chiba.adapter.servlet.ChibaServlet : actionURL: http://localhost:8080/chiba-web-viasmooks/PlainHtml
**** Request time: 150ms [Total Chiba time - minus Smooks Transformation]
[INFO] Milyn-Smooks - Filtering W3C DOM from down-stream Servlet/Filter.
**** Request time: 150ms [Total Chiba time - including Smooks Transformation]
INFO  org.chiba.adapter.servlet.ChibaServlet : --------------- new XForms session ---------------
INFO  org.chiba.adapter.servlet.ChibaServlet : actionURL: http://localhost:8080/chiba-web-viasmooks/PlainHtml
**** Request time: 100ms [Total Chiba time - minus Smooks Transformation]
[INFO] Milyn-Smooks - Filtering W3C DOM from down-stream Servlet/Filter.
**** Request time: 130ms [Total Chiba time - including Smooks Transformation]
INFO  org.chiba.adapter.servlet.ChibaServlet : --------------- new XForms session ---------------
INFO  org.chiba.adapter.servlet.ChibaServlet : actionURL: http://localhost:8080/chiba-web-viasmooks/PlainHtml
**** Request time: 80ms [Total Chiba time - minus Smooks Transformation]
[INFO] Milyn-Smooks - Filtering W3C DOM from down-stream Servlet/Filter.
**** Request time: 90ms [Total Chiba time - including Smooks Transformation]
INFO  org.chiba.adapter.servlet.ChibaServlet : --------------- new XForms session ---------------
INFO  org.chiba.adapter.servlet.ChibaServlet : actionURL: http://localhost:8080/chiba-web-viasmooks/PlainHtml
**** Request time: 140ms [Total Chiba time - minus Smooks Transformation]
[INFO] Milyn-Smooks - Filtering W3C DOM from down-stream Servlet/Filter.
**** Request time: 140ms [Total Chiba time - including Smooks Transformation]
