
=====================================RESULTS: XSLT Only===========================================
**** Sun Mar 25 03:03:58 BST 2007
**** com.sun.org.apache.xalan.internal.xsltc.trax.TemplatesImpl
149874,21527,17833244,0,-17833244,-100.0,0,-17833244,-100.0
118453,42527,18630937,0,-18630937,-100.0,0,-18630937,-100.0
95829,63527,19139374,0,-19139374,-100.0,0,-19139374,-100.0
83102,84527,19472671,0,-19472671,-100.0,0,-19472671,-100.0
71775,105527,19745719,0,-19745719,-100.0,0,-19745719,-100.0
64791,126527,19915473,0,-19915473,-100.0,0,-19915473,-100.0
57685,147527,20103500,0,-20103500,-100.0,0,-20103500,-100.0
53737,168527,20213940,0,-20213940,-100.0,0,-20213940,-100.0
48735,189527,20324769,0,-20324769,-100.0,0,-20324769,-100.0
45999,210527,20422451,0,-20422451,-100.0,0,-20422451,-100.0
=======================================================================================


=====================================RESULTS: Smooks XSLT (01)===========================================
**** Sun Mar 25 09:04:00 BST 2007
**** com.sun.org.apache.xalan.internal.xsltc.trax.TemplatesImpl
136320,21527,0,17448660,17448660,Infinity,0,0,NaN
109907,42527,0,18263001,18263001,Infinity,0,0,NaN
86980,63527,0,18829179,18829179,Infinity,0,0,NaN
77794,84527,0,19169033,19169033,Infinity,0,0,NaN
65994,105527,0,19456203,19456203,Infinity,0,0,NaN
61108,126527,0,19662313,19662313,Infinity,0,0,NaN
53799,147527,0,19857132,19857132,Infinity,0,0,NaN
50758,168527,0,19998458,19998458,Infinity,0,0,NaN
45651,189527,0,20130650,20130650,Infinity,0,0,NaN
43563,210527,0,20246619,20246619,Infinity,0,0,NaN
=======================================================================================


=====================================RESULTS: Smooks XSLT (01)===========================================
**** Sun Mar 25 18:23:24 BST 2007
**** com.sun.org.apache.xalan.internal.xsltc.trax.TemplatesImpl
189305,21527,0,23973151,23973151,Infinity,0,0,NaN
133932,42527,0,25098794,25098794,Infinity,0,0,NaN
116432,63527,0,25759983,25759983,Infinity,0,0,NaN
91796,84527,0,26181968,26181968,Infinity,0,0,NaN
84162,105527,0,26550210,26550210,Infinity,0,0,NaN
70818,126527,0,26744862,26744862,Infinity,0,0,NaN
65790,147527,0,27042495,27042495,Infinity,0,0,NaN
56509,168527,0,27168152,27168152,Infinity,0,0,NaN
54302,189527,0,27358400,27358400,Infinity,0,0,NaN
47702,210527,0,27423843,27423843,Infinity,0,0,NaN
=======================================================================================

=====================================RESULTS: XSLT Only===========================================
**** Mon Mar 26 15:21:07 BST 2007
**** com.sun.org.apache.xalan.internal.xsltc.trax.TemplatesImpl
2278,21527,240096,0,-240096,-100.0,0,-240096,-100.0
1613,42527,259210,0,-259210,-100.0,0,-259210,-100.0
1352,63527,262959,0,-262959,-100.0,0,-262959,-100.0
1098,84527,271847,0,-271847,-100.0,0,-271847,-100.0
993,105527,271845,0,-271845,-100.0,0,-271845,-100.0
827,126527,278838,0,-278838,-100.0,0,-278838,-100.0
805,147527,278690,0,-278690,-100.0,0,-278690,-100.0
686,168527,281825,0,-281825,-100.0,0,-281825,-100.0
623,189527,284482,0,-284482,-100.0,0,-284482,-100.0
566,210527,284638,0,-284638,-100.0,0,-284638,-100.0
=======================================================================================


=====================================RESULTS: Smooks XSLT (01)===========================================
**** Mon Mar 26 15:26:10 BST 2007
**** com.sun.org.apache.xalan.internal.xsltc.trax.TemplatesImpl
2031,21527,0,235864,235864,Infinity,0,0,NaN
1641,42527,0,250962,250962,Infinity,0,0,NaN
1253,63527,0,258295,258295,Infinity,0,0,NaN
1074,84527,0,265299,265299,Infinity,0,0,NaN
882,105527,0,269736,269736,Infinity,0,0,NaN
792,126527,0,274468,274468,Infinity,0,0,NaN
704,147527,0,276440,276440,Infinity,0,0,NaN
638,168527,0,278942,278942,Infinity,0,0,NaN
578,189527,0,280346,280346,Infinity,0,0,NaN
528,210527,0,281912,281912,Infinity,0,0,NaN
=======================================================================================


=====================================RESULTS: XSLT Only===========================================
**** Mon Mar 26 15:56:34 BST 2007
**** net.sf.saxon.PreparedStylesheet
1954,21527,273799,0,-273799,-100.0,0,-273799,-100.0
1048,42527,285957,0,-285957,-100.0,0,-285957,-100.0
718,63527,289807,0,-289807,-100.0,0,-289807,-100.0
546,84527,293008,0,-293008,-100.0,0,-293008,-100.0
441,105527,294725,0,-294725,-100.0,0,-294725,-100.0
369,126527,295162,0,-295162,-100.0,0,-295162,-100.0
317,147527,295586,0,-295586,-100.0,0,-295586,-100.0
279,168527,296348,0,-296348,-100.0,0,-296348,-100.0
248,189527,296699,0,-296699,-100.0,0,-296699,-100.0
224,210527,297079,0,-297079,-100.0,0,-297079,-100.0
=======================================================================================


=====================================RESULTS: Smooks XSLT (01)===========================================
**** Mon Mar 26 16:07:13 BST 2007
**** org.apache.xalan.templates.StylesheetRoot
1984,21527,0,269465,269465,Infinity,0,0,NaN
1108,42527,0,283381,283381,Infinity,0,0,NaN
763,63527,0,287789,287789,Infinity,0,0,NaN
587,84527,0,291145,291145,Infinity,0,0,NaN
470,105527,0,292711,292711,Infinity,0,0,NaN
401,126527,0,294118,294118,Infinity,0,0,NaN
343,147527,0,294978,294978,Infinity,0,0,NaN
302,168527,0,295077,295077,Infinity,0,0,NaN
268,189527,0,295986,295986,Infinity,0,0,NaN
246,210527,0,296709,296709,Infinity,0,0,NaN
=======================================================================================


=====================================RESULTS: Smooks XSLT (01)===========================================
**** Mon Mar 26 16:15:04 BST 2007
**** net.sf.saxon.PreparedStylesheet
1726,21527,0,275884,275884,Infinity,0,0,NaN
923,42527,0,286765,286765,Infinity,0,0,NaN
634,63527,0,290885,290885,Infinity,0,0,NaN
480,84527,0,293286,293286,Infinity,0,0,NaN
388,105527,0,293998,293998,Infinity,0,0,NaN
325,126527,0,295730,295730,Infinity,0,0,NaN
280,147527,0,296294,296294,Infinity,0,0,NaN
246,168527,0,296476,296476,Infinity,0,0,NaN
220,189527,0,297269,297269,Infinity,0,0,NaN
197,210527,0,297398,297398,Infinity,0,0,NaN
=======================================================================================


=====================================RESULTS: XSLT Only===========================================
**** Mon Mar 26 17:22:36 BST 2007
**** net.sf.saxon.PreparedStylesheet
2019,21527,272638,0,-272638,-100.0,0,-272638,-100.0
1084,42527,284764,0,-284764,-100.0,0,-284764,-100.0
742,63527,289733,0,-289733,-100.0,0,-289733,-100.0
564,84527,292251,0,-292251,-100.0,0,-292251,-100.0
455,105527,293638,0,-293638,-100.0,0,-293638,-100.0
381,126527,294818,0,-294818,-100.0,0,-294818,-100.0
328,147527,295696,0,-295696,-100.0,0,-295696,-100.0
289,168527,295791,0,-295791,-100.0,0,-295791,-100.0
258,189527,296421,0,-296421,-100.0,0,-296421,-100.0
233,210527,296701,0,-296701,-100.0,0,-296701,-100.0
=======================================================================================


=====================================RESULTS: Smooks XSLT (01)===========================================
**** Mon Mar 26 17:27:38 BST 2007
**** net.sf.saxon.PreparedStylesheet
1948,21527,0,272923,272923,Infinity,0,0,NaN
1053,42527,0,284596,284596,Infinity,0,0,NaN
720,63527,0,290044,290044,Infinity,0,0,NaN
547,84527,0,292587,292587,Infinity,0,0,NaN
441,105527,0,293907,293907,Infinity,0,0,NaN
368,126527,0,295151,295151,Infinity,0,0,NaN
318,147527,0,296284,296284,Infinity,0,0,NaN
279,168527,0,296092,296092,Infinity,0,0,NaN
249,189527,0,296521,296521,Infinity,0,0,NaN
225,210527,0,296860,296860,Infinity,0,0,NaN
=======================================================================================

